nohup: ignoring input
Sliding Window Attention is enabled but not implemented for `sdpa`; unexpected results may be encountered.
Loading checkpoint shards:   0%|          | 0/14 [00:00<?, ?it/s]Loading checkpoint shards:   7%|▋         | 1/14 [00:00<00:11,  1.11it/s]Loading checkpoint shards:  14%|█▍        | 2/14 [00:01<00:11,  1.02it/s]Loading checkpoint shards:  21%|██▏       | 3/14 [00:02<00:10,  1.01it/s]Loading checkpoint shards:  29%|██▊       | 4/14 [00:03<00:09,  1.02it/s]Loading checkpoint shards:  36%|███▌      | 5/14 [00:04<00:08,  1.03it/s]Loading checkpoint shards:  43%|████▎     | 6/14 [00:06<00:08,  1.03s/it]Loading checkpoint shards:  50%|█████     | 7/14 [00:07<00:07,  1.09s/it]Loading checkpoint shards:  57%|█████▋    | 8/14 [00:08<00:06,  1.10s/it]Loading checkpoint shards:  64%|██████▍   | 9/14 [00:09<00:05,  1.10s/it]Loading checkpoint shards:  71%|███████▏  | 10/14 [00:10<00:04,  1.10s/it]Loading checkpoint shards:  79%|███████▊  | 11/14 [00:11<00:03,  1.13s/it]Loading checkpoint shards:  86%|████████▌ | 12/14 [00:12<00:02,  1.14s/it]Loading checkpoint shards:  93%|█████████▎| 13/14 [00:14<00:01,  1.16s/it]Loading checkpoint shards: 100%|██████████| 14/14 [00:14<00:00,  1.00s/it]Loading checkpoint shards: 100%|██████████| 14/14 [00:14<00:00,  1.05s/it]
Skipping Allantoin - seborrheic dermatitis, already processed.
Skipping Promazine - urticaria (disease), already processed.
Skipping Bromocriptine - prolactin producing pituitary gland tumor, already processed.
Skipping Doxorubicin - acute lymphoblastic/lymphocytic leukemia, already processed.
Skipping Aluminum hydroxide - esophagitis (disease), already processed.
Skipping Proglumetacin - rheumatoid arthritis, already processed.
Skipping Sumatriptan - paroxysmal Hemicrania, already processed.
Skipping Carfilzomib - plasma cell myeloma, already processed.
Skipping Insulin glargine - type 2 diabetes mellitus, already processed.
Skipping Lorlatinib - lung cancer, already processed.
Skipping Cortisone acetate - familial glucocorticoid deficiency, already processed.
Skipping Triamcinolone - aspiration pneumonia (disease), already processed.
Skipping Flumethasone - seborrheic dermatitis, already processed.
Skipping Deferasirox - dominant beta-thalassemia, already processed.
Skipping Trimethadione - absence epilepsy, already processed.
Skipping Capecitabine - gastric cancer, already processed.
Skipping Avapritinib - gastrointestinal stromal tumor, already processed.
Skipping Magnesium carbonate - constipation disorder, already processed.
Skipping Miglitol - type 2 diabetes mellitus, already processed.
Skipping Tienilic acid - hypertensive disorder, already processed.
Skipping Acetaminophen - allergic rhinitis, already processed.
Skipping Furosemide - hypertensive disorder, already processed.
Skipping Dactinomycin - rhabdomyosarcoma (disease), already processed.
Skipping Pravastatin - stroke disorder, already processed.
Skipping Triamcinolone - follicular lymphoma, already processed.
Skipping Floxuridine - hepatocellular carcinoma, already processed.
Skipping Dexamethasone - plasma cell myeloma, already processed.
Skipping Semaglutide - type 2 diabetes mellitus, already processed.
Skipping Parnaparin - pulmonary embolism (disease), already processed.
Skipping Betamethasone - systemic lupus erythematosus (disease), already processed.
Skipping Orphenadrine - Parkinson disease, already processed.
Skipping Demeclocycline - brucellosis, already processed.
Skipping Revefenacin - COPD, severe early onset, already processed.
Skipping Tasimelteon - non-24-hour sleep-wake syndrome, already processed.
Skipping Gemtuzumab ozogamicin - myeloid leukemia, already processed.
Skipping Norgestimate - osteoporosis, already processed.
Skipping Triamcinolone - adrenal insufficiency, already processed.
Skipping Insulin glargine - diabetic ketoacidosis, already processed.
Skipping Rimonabant - obesity disorder, already processed.
Skipping Prazosin - hypertensive disorder, already processed.
Skipping Budesonide - inflammatory bowel disease, already processed.
Skipping Prednisolone - synovitis (disease), already processed.
Skipping Cortisone acetate - uveitis, already processed.
Skipping Ciprofloxacin - typhoid fever, already processed.
Skipping Droxidopa - postural orthostatic tachycardia syndrome, already processed.
Skipping Tocilizumab - juvenile idiopathic arthritis, already processed.
Skipping Polyethylene glycol - constipation disorder, already processed.
Skipping Famotidine - Zollinger-Ellison syndrome, already processed.
Skipping Lasmiditan - migraine with or without aura, susceptibility to, already processed.
Skipping Metamfetamine - obesity disorder, already processed.
Skipping Ezetimibe - hyperlipidemia, already processed.
Skipping Alimemazine - urticaria (disease), already processed.
Skipping Magnesium oxide - constipation disorder, already processed.
Skipping Mestranol - endometriosis (disease), already processed.
Skipping Tolbutamide - diabetes mellitus (disease), already processed.
Skipping Amiloride - hypertensive disorder, already processed.
Skipping Betamethasone - mantle cell lymphoma, already processed.
Skipping Triazolam - insomnia (disease), already processed.
Skipping Desonide - inflammatory bowel disease, already processed.
Skipping Chlorambucil - follicular lymphoma, already processed.
Skipping Omeprazole - duodenal ulcer (disease), already processed.
Skipping Hydrocortisone acetate - spondyloarthropathy, susceptibility to, already processed.
Skipping Tibolone - osteoporosis, already processed.
Skipping Fondaparinux - pulmonary embolism (disease), already processed.
Skipping Docetaxel - gastric cancer, already processed.
Skipping Sulfadiazine - inflammatory bowel disease, already processed.
Skipping Phenyltoloxamine - urticaria (disease), already processed.
Skipping Selegiline - hemiparkinsonism-hemiatrophy syndrome, already processed.
Skipping Fenfluramine - obesity disorder, already processed.
Skipping Mannitol - cystic fibrosis, already processed.
Skipping Mecasermin - growth hormone insensitivity syndrome, already processed.
Skipping Metharbital - insomnia (disease), already processed.
Skipping Methylprednisolone - Addison disease, already processed.
Skipping Metyrosine - phaeochromocytoma, already processed.
Skipping Fluticasone propionate - dermatitis, atopic, already processed.
Skipping Cyclophosphamide - granulomatous slack skin disease, already processed.
Skipping Halcinonide - seborrheic keratosis, already processed.
Skipping Bevacizumab - hereditary breast carcinoma, already processed.
Skipping Infliximab - rheumatoid arthritis, already processed.
Skipping Lanreotide - acromegaly, already processed.
Skipping Prednicarbate - dermatitis, atopic, already processed.
Skipping Dexpanthenol - familial visceral myopathy, already processed.
Skipping Nafarelin - precocious puberty, already processed.
Skipping Solriamfetol - obstructive sleep apnea syndrome, already processed.
Skipping Dexrabeprazole - gastroesophageal reflux disease, already processed.
Skipping Meloxicam - osteoarthritis, already processed.
Skipping Rilmenidine - hypertensive disorder, already processed.
Skipping Betamethasone - familial glucocorticoid deficiency, already processed.
Skipping Tranilast - dermatitis, atopic, already processed.
Skipping Sibutramine - monogenic obesity, already processed.
Skipping Vonoprazan - esophagitis (disease), already processed.
Skipping Hydrocortisone acetate - classic Hodgkin lymphoma, already processed.
Skipping Cortisone acetate - inflammatory bowel disease, already processed.
Skipping Kanamycin - infectious meningitis, already processed.
Skipping Nizatidine - duodenal ulcer (disease), already processed.
Skipping Trihexyphenidyl - parkinsonian-pyramidal syndrome, already processed.
Skipping Vindesine - acute lymphoblastic/lymphocytic leukemia, already processed.
Skipping Ceftriaxone - meningococcal infection, already processed.
Skipping Nateglinide - type 2 diabetes mellitus, already processed.
Skipping Golodirsen - Duchenne muscular dystrophy, already processed.
Skipping Pemetrexed - malignant mesothelioma (disease), already processed.
Skipping Fusidic acid - brucellosis, already processed.
Skipping Estradiol - acne (disease), already processed.
Skipping Calcifediol - osteomalacia (disease), already processed.
Skipping Luseogliflozin - diabetes mellitus (disease), already processed.
Skipping Amphetamine - obesity disorder, already processed.
Skipping Levothyroxine - medullary thyroid gland carcinoma, already processed.
Skipping Minocycline - brucellosis, already processed.
Skipping Sulbactam - sclerosing cholangitis, already processed.
Skipping Hydrocortisone - adrenal insufficiency, already processed.
Skipping Droxidopa - multiple system atrophy, already processed.
Skipping Hydrocortisone - dermatitis, atopic, already processed.
Skipping Dulaglutide - type 2 diabetes mellitus, already processed.
Skipping Bevacizumab - glioma susceptibility, already processed.
Skipping Epicriptine - Alzheimer disease, already processed.
Skipping Cabozantinib - renal cell carcinoma (disease), already processed.
Skipping Selegiline - early-onset parkinsonism-intellectual disability syndrome, already processed.
Skipping Porfimer sodium - non-small cell lung carcinoma (disease), already processed.
Skipping Dexfenfluramine - monogenic obesity, already processed.
Skipping Methylprednisolone - synovitis (disease), already processed.
Skipping Alipogene tiparvovec - hyperlipoproteinemia, already processed.
Skipping Golimumab - inflammatory bowel disease, already processed.
Skipping Dasatinib - chronic myelogenous leukemia, BCR-ABL1 positive, already processed.
Skipping Hydrocortisone - hereditary angioedema, already processed.
Skipping Calcium gluconate - hypercalcemia disease, already processed.
Skipping Potassium gluconate - potassium deficiency disease, already processed.
Skipping Fluocinolone acetonide - seborrheic dermatitis, already processed.
Skipping Esmolol - multifocal atrial tachycardia (disease), already processed.
Skipping Prednisone - X-linked adrenal hypoplasia congenita, already processed.
Skipping Abatacept - juvenile arthritis due to defect in LACC1, already processed.
Skipping Risedronic acid - juvenile Paget disease, already processed.
Skipping Safinamide - parkinsonian-pyramidal syndrome, already processed.
Skipping Etofenamate - osteoarthritis susceptibility, already processed.
Skipping Etoposide - testicular germ cell tumor, already processed.
Skipping Doxazosin - benign prostatic hyperplasia (disease), already processed.
Skipping Daunorubicin - myeloid leukemia, already processed.
Skipping Fluorouracil - seborrheic keratosis, already processed.
Skipping Efonidipine - hypertensive disorder, already processed.
Skipping Dexrabeprazole - hyperinsulinism (disease), already processed.
Skipping Doxorubicin - ovarian cancer, already processed.
Skipping Talaporfin - lung cancer, already processed.
Skipping Selegiline - Parkinson disease, already processed.
Skipping Levodopa - Parkinson disease, already processed.
Skipping Tobramycin - uveitis, already processed.
Skipping Collagenase clostridium histolyticum - Peyronie disease, already processed.
Skipping Omalizumab - asthma, already processed.
Skipping Ranibizumab - macular degeneration, already processed.
Skipping Necitumumab - non-small cell lung carcinoma (disease), already processed.
Skipping Fesoterodine - overactive bladder (disease), already processed.
Skipping Hydrocortisone - familial glucocorticoid deficiency, already processed.
Skipping Triamcinolone - asthma, already processed.
Skipping Doxorubicin - familial papillary or follicular thyroid carcinoma, already processed.
Skipping Salsalate - rheumatoid arthritis, already processed.
Skipping Hydrocortisone - Addison disease, already processed.
Skipping Prednisone - asthma, already processed.
Skipping Echothiophate - severe early-childhood-onset retinal dystrophy, already processed.
Skipping Norethisterone - acne (disease), already processed.
Skipping Dexamethasone - inherited isolated adrenal insufficiency due to partial CYP11A1 deficiency, already processed.
Skipping Midodrine - orthostatic hypotension, already processed.
Skipping Canakinumab - juvenile idiopathic arthritis, already processed.
Skipping Diflunisal - osteoarthritis susceptibility, already processed.
Skipping Aminobenzoic acid - scleroderma (disease), already processed.
Skipping Oteracil - diffuse gastric adenocarcinoma, already processed.
Skipping Salicylic acid - osteoarthritis, already processed.
Skipping Chlorambucil - Hodgkins lymphoma, already processed.
Skipping Aurothioglucose - juvenile arthritis due to defect in LACC1, already processed.
Skipping Ethinamate - insomnia (disease), already processed.
Skipping Uracil mustard - polycythemia (disease), already processed.
Skipping Safinamide - juvenile onset Parkinson disease 19A, already processed.
Skipping Ketoconazole - adrenal gland hyperfunction, already processed.
Skipping Tolcapone - early-onset parkinsonism-intellectual disability syndrome, already processed.
Skipping Terfenadine - allergic rhinitis, already processed.
Skipping Tocilizumab - rheumatoid arthritis, already processed.
Skipping Idarubicin - acute promyelocytic leukemia, already processed.
Skipping Tocilizumab - Castleman disease, already processed.
Skipping Bilastine - urticaria (disease), already processed.
Skipping Flecainide - atrial fibrillation (disease), already processed.
Skipping Meclocycline - Q fever, already processed.
Skipping Triprolidine - urticaria (disease), already processed.
Skipping Istradefylline - juvenile onset Parkinson disease 19A, already processed.
Skipping Voglibose - type 2 diabetes mellitus, already processed.
Skipping Bunazosin - essential hypertension, genetic, already processed.
Skipping Vincristine - Burkitt lymphoma, already processed.
Skipping Aluminum hydroxide - duodenal ulcer (disease), already processed.
Skipping Bazedoxifene - osteoporosis, already processed.
Skipping Triamcinolone - temporal arteritis, already processed.
Skipping Vonoprazan - gastric ulcer (disease), already processed.
Skipping Methylprednisolone - Hodgkins lymphoma, already processed.
Skipping Crisaborole - dermatitis, atopic, already processed.
Skipping Verteporfin - macular degeneration, already processed.
Skipping Levothyroxine - Hashimoto thyroiditis, already processed.
Skipping Ammonium lactate - seborrheic keratosis, already processed.
Skipping Bupranolol - glaucoma, already processed.
Skipping Ropinirole - hereditary late onset Parkinson disease, already processed.
Skipping Artesunate - malaria, already processed.
Skipping Moroctocog alfa - hemophilia, already processed.
Skipping Lithium carbonate - juvenile arthritis due to defect in LACC1, already processed.
Skipping Abatacept - rheumatoid arthritis, already processed.
Skipping Trimipramine - anxiety disorder, already processed.
Skipping Tolterodine - overactive bladder (disease), already processed.
Skipping Cholestyramine - hyperlipidemia, already processed.
Skipping Methylphenidate - narcolepsy-cataplexy syndrome, already processed.
Skipping Heparin - acquired purpura fulminans, already processed.
Skipping Alendronic acid - osteoporosis, already processed.
Skipping Testosterone propionate - androgen insensitivity syndrome, already processed.
Skipping Loteprednol etabonate - uveitis, already processed.
Skipping Magnesium hydroxide - esophagitis (disease), already processed.
Skipping Pregabalin - anxiety disorder, already processed.
Skipping Prednisolone - ulcerative colitis (disease), already processed.
Skipping Amphotericin B - leishmaniasis, already processed.
Skipping Magnesium hydroxide - constipation disorder, already processed.
Skipping Fluticasone propionate - seborrheic dermatitis, already processed.
Skipping Trepibutone - pancreatitis, already processed.
Skipping Ebastine - allergic rhinitis, already processed.
Skipping Colestilan chloride - hyperlipidemia, already processed.
Skipping Insulin degludec - diabetic ketoacidosis, already processed.
Skipping Meloxicam - juvenile idiopathic arthritis, already processed.
Skipping Sodium stibogluconate - leishmaniasis, already processed.
Skipping Metamfetamine - monogenic obesity, already processed.
Skipping Insulin human - type 1 diabetes mellitus, already processed.
Skipping Prednisone - systemic lupus erythematosus (disease), already processed.
Skipping Trihexyphenidyl - blepharospasm, already processed.
Skipping Melphalan - plasma cell myeloma, already processed.
Skipping Triamcinolone - familial glucocorticoid deficiency, already processed.
Skipping Carbenicillin - prostatitis (disease), already processed.
Skipping Triamcinolone - chondrocalcinosis, already processed.
Skipping Canagliflozin - diabetes mellitus (disease), already processed.
Skipping Raloxifene - osteoporosis, already processed.
Skipping Ropeginterferon alfa-2b - polycythemia (disease), already processed.
Skipping Anagliptin - type 2 diabetes mellitus, already processed.
Skipping Hydrocortisone - acne (disease), already processed.
Skipping Niraparib - desmoplastic small round cell tumor, already processed.
Skipping Megestrol acetate - endometrial cancer, already processed.
Skipping Teneligliptin - type 2 diabetes mellitus, already processed.
Skipping Ramipril - obsolete susceptibility to ischemic stroke, already processed.
Skipping Paclitaxel - ovarian cancer, already processed.
Skipping Desoximetasone - seborrheic keratosis, already processed.
Skipping Phenylpropanolamine - allergic rhinitis, already processed.
Skipping Azacitidine - myeloid leukemia, already processed.
Skipping Cortisone acetate - follicular lymphoma, already processed.
Skipping Edoxaban - pulmonary embolism (disease), already processed.
Skipping Ethosuximide - absence epilepsy, already processed.
Skipping Tobramycin - keratoconjunctivitis, already processed.
Skipping Phenelzine - anxiety disorder, already processed.
Skipping Asparaginase Escherichia coli - acute lymphoblastic leukemia (disease), already processed.
Skipping Succinic acid - hypochromic anemia, already processed.
Skipping Isotretinoin - hypertensive disorder, already processed.
Skipping Tacrolimus - dermatitis, atopic, already processed.
Skipping Isavuconazonium - aspergillosis, already processed.
Skipping Methylprednisolone - exanthem (disease), already processed.
Skipping Probucol - hyperlipidemia, already processed.
Skipping Viloxazine - narcolepsy without cataplexy, already processed.
Skipping Prednisolone - mantle cell lymphoma, already processed.
Skipping Telmisartan - obsolete susceptibility to ischemic stroke, already processed.
Skipping Selenium Sulfide - seborrheic keratosis, already processed.
Skipping Moexipril - hypertensive disorder, already processed.
Skipping Suvorexant - insomnia (disease), already processed.
Skipping Sirolimus - renal cell carcinoma (disease), already processed.
Skipping Triamcinolone - allergic rhinitis, already processed.
Skipping Oxyphenisatin - constipation disorder, already processed.
Skipping Histrelin - familial male-limited precocious puberty, already processed.
Skipping Tafenoquine - malaria, already processed.
Skipping Butylphthalide - stroke disorder, already processed.
Skipping Promethazine - angioedema, already processed.
Skipping Iproclozide - anxiety disorder, already processed.
Skipping Metoclopramide - gastroesophageal reflux disease, already processed.
Skipping Hydrocortisone - pediatric systemic lupus erythematosus, already processed.
Skipping Copanlisib - follicular lymphoma, already processed.
Skipping Vedolizumab - inflammatory bowel disease, already processed.
Skipping Dexamethasone - Burkitt lymphoma, already processed.
Skipping Papaverine - transient ischemic attack (disease), already processed.
Skipping Coagulation factor VIIa Recombinant Human - hemophilia, already processed.
Skipping Etanercept - spondyloarthropathy, susceptibility to, already processed.
Skipping Perphenazine - schizophrenia, already processed.
Skipping Magnesium oxide - osteoporosis, already processed.
Skipping Penicillamine - galactosemia, already processed.
Skipping Everolimus - renal cell carcinoma (disease), already processed.
Skipping Betamethasone - lymphoma, non-Hodgkin, familial, already processed.
Skipping Captopril - hypertensive disorder, already processed.
Skipping Uracil mustard - mantle cell lymphoma, already processed.
Skipping Doxorubicin - lymphoma, non-Hodgkin, familial, already processed.
Skipping Betamethasone - familial adrenal hypoplasia with absent pituitary luteinizing hormone, already processed.
Skipping Betamethasone - seborrheic keratosis, already processed.
Skipping Hydroxychloroquine - malaria, already processed.
Skipping Meropenem - meningococcal infection, already processed.
Skipping Etodolac - juvenile idiopathic arthritis, already processed.
Skipping Sermorelin - isolated congenital growth hormone deficiency, already processed.
Skipping Minocycline - Q fever, already processed.
Skipping Deferiprone - beta-thalassemia HBB/LCRB, already processed.
Skipping Doxorubicin - neuroblastoma, already processed.
Skipping Imatinib - chronic myelogenous leukemia, BCR-ABL1 positive, already processed.
Skipping Chloral hydrate - insomnia (disease), already processed.
Skipping Ropinirole - hemiparkinsonism-hemiatrophy syndrome, already processed.
Skipping Erenumab - migraine with or without aura, susceptibility to, already processed.
Skipping Mechlorethamine - acquired polycythemia vera, already processed.
Skipping Prednisolone - inherited isolated adrenal insufficiency due to partial CYP11A1 deficiency, already processed.
Skipping Reteplase - myocardial infarction (disease), already processed.
Skipping Oxitropium - COPD, severe early onset, already processed.
Skipping Tinzaparin - pulmonary embolism (disease), already processed.
Skipping Vildagliptin - diabetes mellitus (disease), already processed.
Skipping Vinorelbine - non-small cell lung carcinoma (disease), already processed.
Skipping Inositol - hypoalphalipoproteinemia, already processed.
Skipping Methylprednisolone - spondyloarthropathy, susceptibility to, already processed.
Skipping Prednisone - spondyloarthropathy, susceptibility to, already processed.
Skipping Albiglutide - diabetes mellitus (disease), already processed.
Skipping Duvelisib - follicular lymphoma, already processed.
Skipping Doxorubicin - classic Hodgkin lymphoma, already processed.
Skipping Insulin aspart - diabetes mellitus (disease), already processed.
Skipping Fluticasone propionate - allergic rhinitis, already processed.
Skipping Cortisone acetate - lymphoma, non-Hodgkin, familial, already processed.
Skipping Liothyronine - goiter, multinodular 1, with or without Sertoli-Leydig cell tumors, already processed.
Skipping Everolimus - nonpapillary renal cell carcinoma, already processed.
Skipping Naltrexone - obesity disorder, already processed.
Skipping Saxagliptin - diabetes mellitus (disease), already processed.
Skipping Olaparib - desmoplastic small round cell tumor, already processed.
Skipping Triamcinolone - seborrheic dermatitis, already processed.
Skipping Sibutramine - obesity disorder, already processed.
Skipping Ergocalciferol - hereditary hypophosphatemic rickets, already processed.
Skipping Anagliptin - diabetes mellitus (disease), already processed.
Skipping Epinephrine - idiopathic bronchiectasis, already processed.
Skipping Clemastine - urticaria (disease), already processed.
Skipping Vindesine - leukemia, lymphocytic, susceptibility to, already processed.
Skipping Plicamycin - testicular teratoma, already processed.
Skipping Opicapone - X-linked parkinsonism-spasticity syndrome, already processed.
Skipping Triamcinolone - leukemia, lymphocytic, susceptibility to, already processed.
Skipping Azapropazone - osteoarthritis susceptibility, already processed.
Skipping Roxatidine acetate - gastric ulcer (disease), already processed.
Skipping Tolmetin - osteoarthritis, already processed.
Skipping Clofarabine - acute lymphoblastic/lymphocytic leukemia, already processed.
Skipping Dexibuprofen - rheumatoid arthritis, already processed.
Skipping Voriconazole - aspergillosis, already processed.
Skipping Trihexyphenidyl - early-onset parkinsonism-intellectual disability syndrome, already processed.
Skipping Acetylsalicylic acid - myocardial infarction (disease), already processed.
Skipping Atovaquone - malaria, already processed.
Skipping Sodium tetradecyl sulfate - varicose disease, already processed.
Skipping Betamethasone - leukemia, lymphocytic, susceptibility to, already processed.
Skipping Alimemazine - allergic rhinitis, already processed.
Skipping Diclofenac - rheumatoid arthritis, already processed.
Skipping Acefylline - asthma, already processed.
Skipping Ampicillin - sclerosing cholangitis, already processed.
Skipping Mebanazine - anxiety disorder, already processed.
Skipping Apomorphine - early-onset parkinsonism-intellectual disability syndrome, already processed.
Skipping Indomethacin - synovitis (disease), already processed.
Skipping Golodirsen - Becker muscular dystrophy, already processed.
Skipping Tranilast - keloid formation, already processed.
Skipping Triamcinolone - mantle cell lymphoma, already processed.
Skipping Vismodegib - skin carcinoma, already processed.
Skipping Cyclizine - allergic rhinitis, already processed.
Skipping Sunitinib - nonpapillary renal cell carcinoma, already processed.
Skipping Magnesium citrate - constipation disorder, already processed.
Skipping Methylprednisolone - sarcoidosis, already processed.
Skipping Insulin detemir - diabetes mellitus (disease), already processed.
Skipping Prucalopride - constipation disorder, already processed.
Skipping Methyprylon - insomnia (disease), already processed.
Skipping Eculizumab - neuromyelitis optica, already processed.
Skipping Nadifloxacin - acne (disease), already processed.
Skipping Dexlansoprazole - gastroesophageal reflux disease, already processed.
Skipping Trabectedin - ovarian cancer, already processed.
Skipping Chlordiazepoxide - Wernicke-Korsakoff syndrome, already processed.
Skipping Prednisolone - autoimmune thrombocytopenic, already processed.
Skipping Vorapaxar - obsolete susceptibility to ischemic stroke, already processed.
Skipping Terazosin - hypertensive disorder, already processed.
Skipping Mosapramine - schizophrenia, already processed.
Skipping Dihydrotachysterol - rickets (disease), already processed.
Skipping Hydrocortisone - eosinophilic pneumonia, already processed.
Skipping Nedocromil - asthma, already processed.
Skipping Cimetidine - hyperinsulinism (disease), already processed.
Skipping Ertugliflozin - type 2 diabetes mellitus, already processed.
Skipping Chlorpromazine - oppositional defiant disorder (disease), already processed.
Skipping Bromocriptine - juvenile onset Parkinson disease 19A, already processed.
Skipping Dexamethasone - dermatitis, atopic, already processed.
Skipping Magnesium salicylate - osteoarthritis susceptibility, already processed.
Skipping Bilastine - allergic rhinitis, already processed.
Skipping Glycerol phenylbutyrate - hyperammonemia due to N-acetylglutamate synthase deficiency, already processed.
Skipping Meclocycline - acne (disease), already processed.
Skipping Amcinonide - exanthem (disease), already processed.
Skipping Carboplatin - hereditary breast ovarian cancer syndrome, already processed.
Skipping Hydrocortisone - autoimmune thrombocytopenic, already processed.
Skipping Mechlorethamine - lung cancer, already processed.
Skipping Ketoconazole - seborrheic dermatitis, already processed.
Skipping Clonazepam - Lennox-Gastaut syndrome, already processed.
Skipping Cefotaxime - meningococcal infection, already processed.
Skipping Testosterone - Sheehan syndrome, already processed.
Skipping Methylprednisolone - angioedema, already processed.
Skipping Midodrine - multiple system atrophy, already processed.
Skipping Amphetamine - narcolepsy-cataplexy syndrome, already processed.
Skipping Promazine - angioedema, already processed.
Skipping Cortisone acetate - granulomatous slack skin disease, already processed.
Skipping Apalutamide - familial prostate carcinoma, already processed.
Skipping Docetaxel - diffuse gastric adenocarcinoma, already processed.
Skipping Gliclazide - diabetes mellitus (disease), already processed.
Skipping Selenium Sulfide - seborrheic dermatitis, already processed.
Skipping Telmisartan - stroke disorder, already processed.
Skipping Temsirolimus - renal cell carcinoma (disease), already processed.
Skipping Doxycycline - relapsing fever, already processed.
Skipping Ixekizumab - spondyloarthropathy, susceptibility to, already processed.
Skipping Ursodeoxycholic acid - cholelithiasis, already processed.
Skipping Fluvoxamine - obsessive-compulsive disorder, already processed.
Skipping Entacapone - parkinsonian-pyramidal syndrome, already processed.
Skipping Loprazolam - insomnia (disease), already processed.
Skipping Insulin glulisine - diabetes mellitus (disease), already processed.
Skipping Tiopronin - galactosemia, already processed.
Skipping Fusidic acid - keratoconjunctivitis, already processed.
Skipping Ibuprofen - juvenile idiopathic arthritis, already processed.
Skipping Sulfacetamide - uveitis, already processed.
Skipping Rimegepant - migraine with or without aura, susceptibility to, already processed.
Skipping Nitrazepam - early myoclonic encephalopathy, already processed.
Skipping Linagliptin - type 2 diabetes mellitus, already processed.
Skipping Nitrogen - congenital alveolar capillary dysplasia, already processed.
Skipping Rituximab - acute lymphoblastic/lymphocytic leukemia, already processed.
Skipping Indapamide - hypertensive disorder, already processed.
Skipping Rituximab - rheumatoid arthritis, already processed.
Skipping Bleomycin - cervical cancer, already processed.
Skipping Levodopa - X-linked parkinsonism-spasticity syndrome, already processed.
Skipping Belotecan - hereditary breast ovarian cancer syndrome, already processed.
Skipping Lanadelumab - hereditary angioedema with C1Inh deficiency, already processed.
Skipping Ibudilast - asthma, already processed.
Skipping Ramatroban - allergic rhinitis, already processed.
Skipping Emedastine - angioedema, already processed.
Skipping Barbital - insomnia (disease), already processed.
Skipping Vilanterol - asthma, already processed.
Skipping Cholic Acid - cholelithiasis, already processed.
Skipping Hydrocortisone - inflammatory bowel disease, already processed.
Skipping Prednisone - Hodgkins lymphoma, already processed.
Skipping Moxisylyte - premature ejaculation (disease), already processed.
Skipping Cortisone acetate - systemic lupus erythematosus (disease), already processed.
Skipping Semaglutide - diabetes mellitus (disease), already processed.
Skipping Indomethacin - rheumatoid arthritis, already processed.
Skipping Lithium carbonate - rheumatoid arthritis, already processed.
Skipping Sulfadiazine - ulcerative colitis (disease), already processed.
Skipping Tivozanib - nonpapillary renal cell carcinoma, already processed.
Skipping Ingenol mebutate - actinic keratosis (disease), already processed.
Skipping Pegademase - severe combined immunodeficiency (disease), already processed.
Skipping Vincristine - follicular lymphoma, already processed.
Skipping Imatinib - gastrointestinal stromal tumor, already processed.
Skipping Betamethasone - X-linked adrenal hypoplasia congenita, already processed.
Skipping Tiludronic acid - juvenile Paget disease, already processed.
Skipping Glibornuride - type 2 diabetes mellitus, already processed.
Skipping Paramethadione - absence epilepsy, already processed.
Skipping Ferrous sulfate anhydrous - hypochromic anemia, already processed.
Skipping Prednisone - pediatric systemic lupus erythematosus, already processed.
Skipping Betamethasone - juvenile idiopathic arthritis, already processed.
Skipping Dapagliflozin - type 2 diabetes mellitus, already processed.
Skipping Luseogliflozin - type 2 diabetes mellitus, already processed.
Skipping Vilanterol - COPD, severe early onset, already processed.
Skipping Clofarabine - acute lymphoblastic leukemia (disease), already processed.
Skipping Amphetamine - X-linked adrenoleukodystrophy, already processed.
Skipping Triamcinolone - inflammatory bowel disease, already processed.
Skipping Aliskiren - hypertensive disorder, already processed.
Skipping Fluorometholone - uveitis, already processed.
Skipping Pegvisomant - acromegaly, already processed.
Skipping Betamethasone - follicular lymphoma, already processed.
Skipping Amlodipine - stroke disorder, already processed.
Skipping Epoprostenol - allergic rhinitis, already processed.
Skipping Dexbrompheniramine - urticaria (disease), already processed.
Skipping Famotidine - esophagitis (disease), already processed.
Skipping Orlistat - monogenic obesity, already processed.
Skipping Ferumoxytol - hypochromic anemia, already processed.
Skipping Carbidopa - X-linked parkinsonism-spasticity syndrome, already processed.
Skipping Bunazosin - hypertensive disorder, already processed.
Skipping Homatropine - uveitis, already processed.
Skipping Oxaprozin - juvenile idiopathic arthritis, already processed.
Skipping Felbinac - osteoarthritis, already processed.
Skipping Dacarbazine - classic Hodgkin lymphoma, already processed.
Skipping Flurbiprofen - rheumatoid arthritis, already processed.
Skipping Budesonide - asthma, already processed.
Skipping Triamcinolone - juvenile arthritis due to defect in LACC1, already processed.
Skipping Tenecteplase - myocardial infarction (disease), already processed.
Skipping Adalimumab - inflammatory bowel disease, already processed.
Skipping Methdilazine - angioedema, already processed.
Skipping Droxidopa - juvenile onset Parkinson disease 19A, already processed.
Skipping Asparaginase Erwinia chrysanthemi - acute lymphoblastic/lymphocytic leukemia, already processed.
Skipping Telotristat ethyl - diarrheal disease, already processed.
Skipping Prednisone - dermatitis, atopic, already processed.
Skipping Thiotepa - urinary bladder small cell neuroendocrine carcinoma, already processed.
Skipping Istradefylline - X-linked parkinsonism-spasticity syndrome, already processed.
Skipping Edetic acid - hypercalcemia disease, already processed.
Skipping Docetaxel - non-small cell lung carcinoma (disease), already processed.
Skipping Carbamazepine - Lennox-Gastaut syndrome, already processed.
Skipping Antihemophilic factor, human recombinant - symptomatic form of hemophilia in female carriers, already processed.
Skipping Guanabenz - hypertensive disorder, already processed.
Skipping Guanfacine - hypertensive disorder, already processed.
Skipping Simvastatin - obsolete susceptibility to ischemic stroke, already processed.
Skipping Mechlorethamine - polycythemia (disease), already processed.
Skipping Colestilan chloride - hyperphosphatemia (disease), already processed.
Skipping Metoprolol - hypertensive disorder, already processed.
Skipping Dexpanthenol - seborrheic keratosis, already processed.
Skipping Flumethasone - seborrheic keratosis, already processed.
Skipping Hydroxyzine - familial dermatographia, already processed.
Skipping Danazol - endometriosis (disease), already processed.
Skipping Procyclidine - hereditary late onset Parkinson disease, already processed.
Skipping Methapyrilene - allergic rhinitis, already processed.
Skipping Simvastatin - homozygous familial hypercholesterolemia, already processed.
Skipping Aceclofenac - rheumatoid arthritis, already processed.
Skipping Tolazamide - type 2 diabetes mellitus, already processed.
Skipping Nicotinamide - acne (disease), already processed.
Skipping Methylprednisolone - mantle cell lymphoma, already processed.
Skipping Bisoprolol - hypertensive disorder, already processed.
Skipping Propranolol - Kasabach-Merritt syndrome, already processed.
Skipping Promazine - allergic rhinitis, already processed.
Skipping Silver sulfadiazine - cystinuria, already processed.
Skipping Tacrine - Parkinson disease, already processed.
Skipping Caffeine - potassium deficiency disease, already processed.
Skipping Penicillamine - autosomal recessive severe congenital neutropenia due to CSF3R deficiency, already processed.
Skipping Alimemazine - long QT syndrome, already processed.
Skipping Methylprednisolone - hypertensive disorder, already processed.
Skipping Aliskiren - benign recurrent intrahepatic cholestasis, already processed.
Skipping Terazosin - postural orthostatic tachycardia syndrome, already processed.
Skipping Methohexital - macrocytic anemia (disease), already processed.
Skipping Reserpine - hyperparathyroidism, already processed.
Skipping Chlorotrianisene - monogenic obesity, already processed.
Skipping Thiotepa - anemia (disease), already processed.
Skipping Dichlorophen - IDDM 1, already processed.
Skipping Triamcinolone - congenital hypothyroidism, already processed.
Skipping Norelgestromin - anxiety disorder, already processed.
Skipping Silver sulfadiazine - glycogen storage disease, already processed.
Skipping Glipizide - familial glucocorticoid deficiency, already processed.
Skipping Levothyroxine - thyrotoxicosis, already processed.
Skipping Clozapine - histiocytoid cardiomyopathy, already processed.
Skipping Succinylcholine - Miyoshi myopathy, already processed.
Skipping Magnesium oxide - familial adrenal hypoplasia with absent pituitary luteinizing hormone, already processed.
Skipping Sulfamethizole - IDDM 1, already processed.
Skipping Imipramine - benign prostatic hyperplasia (disease), already processed.
Skipping Potassium gluconate - hyperkalemic periodic paralysis, already processed.
Skipping Selegiline - melanoma, already processed.
Skipping Mepenzolate - myasthenia gravis, already processed.
Skipping Levofloxacin - macrocytic anemia (disease), already processed.
Skipping Losartan - hyperparathyroidism, already processed.
Skipping Mesoridazine - Kostmann syndrome, already processed.
Skipping Primaquine - galactosemia, already processed.
Skipping Silodosin - orthostatic hypotension, already processed.
Skipping Dicyclomine - congenital central hypoventilation syndrome, already processed.
Skipping Methyldopa - inherited porphyria, already processed.
Skipping Chlordiazepoxide - diabetic ketoacidosis, already processed.
Skipping Profenamine - familial visceral myopathy, already processed.
Skipping Chlorcyclizine - arteriosclerosis disorder, already processed.
Skipping Sulfisoxazole - idiopathic aplastic anemia, already processed.
Skipping Ganciclovir - idiopathic aplastic anemia, already processed.
Skipping Profenamine - gastroesophageal reflux disease, already processed.
Skipping Dipyridamole - myxedema, already processed.
Skipping Enoxaparin - inflammatory bowel disease, already processed.
Skipping Phenylpropanolamine - COPD, severe early onset, already processed.
Skipping Levonorgestrel - choreatic disease, already processed.
Skipping Chlorthalidone - Raynaud disease, already processed.
Skipping Oxycodone - pseudotumor cerebri, already processed.
Skipping Desloratadine - thyrotoxicosis, already processed.
Skipping Calcium chloride - periodic paralysis (disease), already processed.
Skipping Tegaserod - obsolete susceptibility to ischemic stroke, already processed.
Skipping Phenoxybenzamine - hypotensive disorder, already processed.
Skipping Mometasone furoate - diabetes mellitus (disease), already processed.
Skipping Mometasone furoate - hypopituitarism, already processed.
Skipping Trolnitrate - constipation disorder, already processed.
Skipping Benzthiazide - inflammatory bowel disease, already processed.
Skipping Lisinopril - aortic valve disease, already processed.
Skipping Naproxen - anemia (disease), already processed.
Skipping Famotidine - diffuse gastric adenocarcinoma, already processed.
Skipping Loratadine - hypertensive disorder, already processed.
Skipping Pimozide - X-linked severe congenital neutropenia, already processed.
Skipping Guaiacol - diabetic ketoacidosis, already processed.
Skipping Misoprostol - hypertensive disorder, already processed.
Skipping Procyclidine - paralytic ileus (disease), already processed.
Skipping Alfentanil - pseudotumor cerebri, already processed.
Skipping Estradiol cypionate - hereditary breast ovarian cancer syndrome, already processed.
Skipping Sodium sulfate - hypercalcemia disease, already processed.
Skipping Pentamidine - diabetic ketoacidosis, already processed.
Skipping Dexmethylphenidate - hypertrophic cardiomyopathy, already processed.
Skipping Pheniramine - hypocomplementemic urticarial vasculitis, already processed.
Skipping Pentobarbital - anemia (disease), already processed.
Skipping Nicotinamide - goiter (disease), already processed.
Skipping Salicylamide - esophagitis (disease), already processed.
Skipping Felbamate - idiopathic aplastic anemia, already processed.
Skipping Methyldopa - diabetic ketoacidosis, already processed.
Skipping Pheniramine - diabetes mellitus (disease), already processed.
Skipping Dalteparin - hemophilia, already processed.
Skipping Cyclizine - hypertensive disorder, already processed.
Skipping Bisacodyl - potassium deficiency disease, already processed.
Skipping Butalbital - familial adrenal hypoplasia with absent pituitary luteinizing hormone, already processed.
Skipping Antazoline - diabetes mellitus (disease), already processed.
Skipping Norgestimate - diabetic ketoacidosis, already processed.
Skipping Synthetic camphor - esophagitis (disease), already processed.
Skipping Carisoprodol - asthma, already processed.
Skipping Loxapine - benign prostatic hyperplasia (disease), already processed.
Skipping Pheniramine - arteriosclerosis disorder, already processed.
Skipping Prazepam - congenital central hypoventilation syndrome, already processed.
Skipping Caffeine - sleep apnea syndrome, already processed.
Skipping Lisinopril - supravalvular aortic stenosis (disease), already processed.
Skipping Isotretinoin - hypotensive disorder, already processed.
Skipping Ganciclovir - uveitis, already processed.
Skipping Asenapine - long QT syndrome, already processed.
Skipping Drospirenone - ovarian cancer, already processed.
Skipping Ferrous sulfate anhydrous - primary hyperoxaluria, already processed.
Skipping Nandrolone - benign recurrent intrahepatic cholestasis, already processed.
Skipping Flecainide - myocardial infarction (disease), already processed.
Skipping Trimipramine - obsolete susceptibility to ischemic stroke, already processed.
Skipping Chlorpheniramine - catecholaminergic polymorphic ventricular tachycardia, already processed.
Skipping Pyridoxine - inflammatory bowel disease, already processed.
Skipping Procaine - congenital neutropenia-myelofibrosis-nephromegaly syndrome, already processed.
Skipping Estradiol valerate - hypercalcemia disease, already processed.
Skipping Phenazopyridine - COPD, severe early onset, already processed.
Skipping Methadone - paralytic ileus (disease), already processed.
Skipping Calcium glucoheptonate - ventricular fibrillation (disease), already processed.
Skipping Estrone - pediatric systemic lupus erythematosus, already processed.
Skipping Naltrexone - Hirschsprung disease, already processed.
Skipping Ketoconazole - long QT syndrome, already processed.
Skipping Succinylcholine - distal myopathy with anterior tibial onset, already processed.
Skipping Etacrynic acid - diabetes mellitus (disease), already processed.
Skipping Quetiapine - X-linked severe congenital neutropenia, already processed.
Skipping Fosamprenavir - obesity disorder, already processed.
Skipping Morphine - Addison disease, already processed.
Skipping Leuprolide - stroke disorder, already processed.
Skipping Oxycodone - thrombocytopenia, already processed.
Skipping Succinylcholine - distal myopathy with vocal cord weakness, already processed.
Skipping Phenazopyridine - achalasia (disease), already processed.
Skipping Alprazolam - Haddad syndrome, already processed.
Skipping Estradiol cypionate - hyperlipoproteinemia, already processed.
Skipping Isopropamide - familial long QT syndrome, already processed.
Skipping Aliskiren - diabetes mellitus (disease), already processed.
Skipping Ipratropium - long QT syndrome, already processed.
Skipping Melphalan - cyclic hematopoiesis, already processed.
Skipping Famotidine - hypercalcemia disease, already processed.
Skipping Trolnitrate - asthma, already processed.
Skipping Propantheline - esophagitis (disease), already processed.
Skipping Clofedanol - catecholaminergic polymorphic ventricular tachycardia, already processed.
Skipping Estrone - blepharospasm, already processed.
Skipping Fluocinonide - hypopituitarism, already processed.
Skipping Ziprasidone - cyclic hematopoiesis, already processed.
Skipping Cortisone acetate - short stature due to growth hormone qualitative anomaly, already processed.
Skipping Salicylamide - Pick disease, already processed.
Skipping Phenobarbital - COPD, severe early onset, already processed.
Skipping Tretinoin - Addison disease, already processed.
Skipping Quazepam - obstructive sleep apnea syndrome, already processed.
Skipping Testosterone cypionate - endometriosis (disease), already processed.
Skipping Norfloxacin - macrocytic anemia (disease), already processed.
Skipping Diltiazem - angioedema, already processed.
Skipping Trolnitrate - orthostatic hypotension, already processed.
Skipping Ethynodiol diacetate - obesity disorder, already processed.
Skipping Ramelteon - substance abuse/dependence, already processed.
Skipping Benzocaine - obstructive sleep apnea syndrome, already processed.
Skipping Everolimus - thrombocytopenic purpura, already processed.
Skipping Benzoyl peroxide - hereditary hemorrhagic telangiectasia, already processed.
Skipping Candesartan cilexetil - potassium deficiency disease, already processed.
Skipping Mometasone furoate - diabetic ketoacidosis, already processed.
Skipping Spironolactone - potassium deficiency disease, already processed.
Skipping Dextropropoxyphene - long QT syndrome, already processed.
Skipping Dextroamphetamine - Tourette syndrome, already processed.
Skipping Ethinylestradiol - migraine with or without aura, susceptibility to, already processed.
Skipping Betamethasone - congenital ichthyosiform erythroderma, already processed.
Skipping Naphazoline - diabetes mellitus (disease), already processed.
Skipping Quinestrol - endometrial cancer, already processed.
Skipping Disulfiram - congenital hypothyroidism, already processed.
Skipping Desoximetasone - isolated congenital growth hormone deficiency, already processed.
Skipping Clozapine - diabetes mellitus (disease), already processed.
Skipping Benzatropine - esophagitis (disease), already processed.
Skipping Nizatidine - diffuse gastric adenocarcinoma, already processed.
Skipping Lamotrigine - anemia (disease), already processed.
Skipping Tranylcypromine - substance abuse/dependence, already processed.
Skipping Tesamorelin - hypopituitarism, already processed.
Skipping Estradiol cypionate - endometrial cancer, already processed.
Skipping Tadalafil - obsolete susceptibility to ischemic stroke, already processed.
Skipping Triamterene - pancreatitis, already processed.
Skipping Cefoxitin - colitis (disease), already processed.
Skipping Chlorpromazine - orthostatic hypotension, already processed.
Skipping Mechlorethamine - congenital neutropenia-myelofibrosis-nephromegaly syndrome, already processed.
Skipping Clarithromycin - catecholaminergic polymorphic ventricular tachycardia, already processed.
Skipping Fluoxymesterone - endometrial carcinoma (disease), already processed.
Skipping Trifluoperazine - hypotensive disorder, already processed.
Skipping Fenofibrate - congenital neutropenia-myelofibrosis-nephromegaly syndrome, already processed.
Skipping Triethylenetetramine - hypercalcemia disease, already processed.
Skipping Potassium Iodide - catecholaminergic polymorphic ventricular tachycardia, already processed.
Skipping Dimenhydrinate - substance abuse/dependence, already processed.
Skipping Calcifediol - hypercalcemia disease, already processed.
Skipping Phenylpropanolamine - sickle cell anemia, already processed.
Skipping Calcium gluconate - hyperparathyroidism, already processed.
Skipping Reserpine - type 1 diabetes mellitus, already processed.
Skipping Meperidine - Kostmann syndrome, already processed.
Skipping Bosentan - Gilbert syndrome, already processed.
Skipping Polyethylene glycol 300 - thyrotoxicosis, already processed.
Skipping Daunorubicin - pericarditis (disease), already processed.
Skipping Guaifenesin - ulcerative colitis (disease), already processed.
Skipping Bumetanide - thrombocytopenia, already processed.
Skipping Ciprofloxacin - myasthenia gravis, already processed.
Skipping Phenylpropanolamine - catecholaminergic polymorphic ventricular tachycardia, already processed.
Skipping Profenamine - hypertensive disorder, already processed.
Skipping Calcifediol - hyperphosphatemia (disease), already processed.
Skipping Nateglinide - isolated congenital growth hormone deficiency, already processed.
Skipping Hydrocortisone - atrioventricular dissociation (disease), already processed.
Skipping Dronabinol - major affective disorder, already processed.
Skipping Difenoxin - idiopathic achalasia, already processed.
Skipping Atenolol - systemic lupus erythematosus (disease), already processed.
Skipping Phenylpropanolamine - hypertensive disorder, already processed.
Skipping Paricalcitol - hypercalcemia disease, already processed.
Skipping Riboflavin - substance abuse/dependence, already processed.
Skipping Brimonidine - orthostatic hypotension, already processed.
Skipping Pheniramine - goiter (disease), already processed.
Skipping Pseudoephedrine - rhabdomyolysis (disease), already processed.
Skipping Racementhol - gastroesophageal reflux disease, already processed.
Skipping Isocarboxazid - diabetic ketoacidosis, already processed.
Skipping Succinic acid - sickle cell anemia, already processed.
Skipping Lopinavir - hemophilia, already processed.
Skipping Magnesium sulfate - hyperkalemic periodic paralysis, already processed.
Skipping Magnesium oxide - inherited isolated adrenal insufficiency due to partial CYP11A1 deficiency, already processed.
Skipping Dienogest - thrombophilia, already processed.
Skipping Oxycodone - congenital hypothyroidism, already processed.
Skipping Rosuvastatin - myxedema, already processed.
Skipping Tiludronic acid - macrocytic anemia (disease), already processed.
Skipping Ascorbic acid - inflammatory bowel disease, already processed.
Skipping Fluoxetine - familial visceral myopathy, already processed.
Skipping Prochlorperazine - achalasia (disease), already processed.
Skipping Tolazamide - Sheehan syndrome, already processed.
Skipping Streptozocin - thrombocytopenia, already processed.
Skipping Dextromethorphan - Addison disease, already processed.
Skipping Mezlocillin - chronic Epstein-Barr virus infection syndrome, already processed.
Skipping Etomidate - hypotensive disorder, already processed.
Skipping Ergotamine - substance abuse/dependence, already processed.
Skipping Testosterone - monogenic obesity, already processed.
Skipping Hydralazine - macrocytic anemia (disease), already processed.
Skipping Fenofibric acid - congenital hypothyroidism, already processed.
Skipping Levothyroxine - isolated congenital growth hormone deficiency, already processed.
Skipping Secobarbital - thrombocytopenia, already processed.
Skipping Caffeine - incessant infant ventricular tachycardia, already processed.
Skipping Droperidol - asthma, already processed.
Skipping Ammonium lactate - combined pituitary hormone deficiencies, genetic form, already processed.
Skipping Methyldopa - diabetes mellitus (disease), already processed.
Skipping Budesonide - Addison disease, already processed.
Skipping Clobetasol propionate - diabetes mellitus (disease), already processed.
Skipping Procyclidine - inflammatory bowel disease, already processed.
Skipping Potassium bicarbonate - hyperkalemic periodic paralysis, already processed.
Skipping Dextromethorphan - adrenal insufficiency, already processed.
Skipping Phylloquinone - hyperparathyroidism, already processed.
Skipping Ziprasidone - congenital neutropenia-myelofibrosis-nephromegaly syndrome, already processed.
Skipping Ergotamine - anxiety disorder, already processed.
Skipping Glutethimide - congenital hypothyroidism, already processed.
Skipping Fluoxetine - benign prostatic hyperplasia (disease), already processed.
Skipping Meperidine - pseudotumor cerebri, already processed.
Skipping Norgestimate - asthma, already processed.
Skipping Fentanyl - multiple system atrophy, already processed.
Skipping Pentaerithrityl - benign prostatic hyperplasia (disease), already processed.
Skipping Levonorgestrel - myocardial infarction (disease), already processed.
Skipping Testosterone propionate - obesity disorder, already processed.
Skipping Polyethylene glycol 400 - thyrotoxicosis, already processed.
Skipping Leflunomide - congenital neutropenia-myelofibrosis-nephromegaly syndrome, already processed.
Skipping Ropinirole - orthostatic hypotension, already processed.
Skipping Pimozide - prolactin producing pituitary gland tumor, already processed.
Skipping Flurandrenolide - Addison disease, already processed.
Skipping Dienogest - anxiety disorder, already processed.
Skipping Altretamine - thrombocytopenia, already processed.
Skipping Chlordiazepoxide - thyrotoxicosis, already processed.
Skipping Diclofenac - stroke disorder, already processed.
Skipping Diethylstilbestrol - monogenic obesity, already processed.
Skipping Ribavirin - autosomal dominant aplasia and myelodysplasia, already processed.
Skipping Azathioprine - anemia (disease), already processed.
Skipping Fexofenadine - arteriosclerosis disorder, already processed.
Skipping Sulfamethoxazole - glycogen storage disease, already processed.
Skipping Tadalafil - leukemia (disease), already processed.
Skipping Hydrochlorothiazide - obsolete susceptibility to ischemic stroke, already processed.
Skipping Synephrine - hypertensive disorder, already processed.
Skipping Benzyl alcohol - hypertensive disorder, already processed.
Skipping Chlorpheniramine - gastric ulcer (disease), already processed.
Skipping Norfloxacin - familial long QT syndrome, already processed.
Skipping Eletriptan - stroke disorder, already processed.
Skipping Estradiol cypionate - endometrial carcinoma (disease), already processed.
Skipping Sulfamethizole - adrenal insufficiency, already processed.
Skipping Edetic acid - potassium deficiency disease, already processed.
Skipping Potassium Iodide - diabetic ketoacidosis, already processed.
Skipping Guaifenesin - diarrheal disease, already processed.
Skipping Salicylamide - thrombocytopenia, already processed.
Skipping Melatonin - constipation disorder, already processed.
Skipping Prochlorperazine - idiopathic achalasia, already processed.
Skipping Testosterone propionate - obstructive sleep apnea syndrome, already processed.
Skipping Dactinomycin - thrombocytopenia, already processed.
Skipping Oxandrolone - hepatocellular carcinoma, already processed.
Skipping Ergocalciferol - sarcoidosis, already processed.
Skipping Potassium citrate - catecholaminergic polymorphic ventricular tachycardia, already processed.
Skipping Clarithromycin - incessant infant ventricular tachycardia, already processed.
Skipping Triethylenetetramine - autosomal recessive infantile hypercalcemia, already processed.
Skipping Lacosamide - atrial fibrillation (disease), already processed.
Skipping Butalbital - obstructive sleep apnea syndrome, already processed.
Skipping Cyclizine - diabetes mellitus (disease), already processed.
Skipping Bupivacaine - histiocytoid cardiomyopathy, already processed.
Skipping Quinapril - hereditary angioedema with C1Inh deficiency, already processed.
Skipping Minoxidil - obsolete susceptibility to ischemic stroke, already processed.
Skipping Levonorgestrel - thrombophilia, already processed.
Skipping Hydrochlorothiazide - nephrolithiasis susceptibility caused by SLC26A1, already processed.
Skipping Tadalafil - Peyronie disease, already processed.
Skipping Estrone - congenital hypothyroidism, already processed.
Skipping Polyethylene glycol 300 - hyperkalemic periodic paralysis, already processed.
Skipping Dicyclomine - familial visceral myopathy, already processed.
Skipping Pheniramine - catecholaminergic polymorphic ventricular tachycardia, already processed.
Skipping Dicyclomine - achalasia (disease), already processed.
Skipping Pheniramine - congenital hypothyroidism, already processed.
Skipping Dextromethorphan - constipation disorder, already processed.
Skipping Testosterone enanthate - diabetic ketoacidosis, already processed.
Skipping Benzthiazide - ulcerative colitis (disease), already processed.
Skipping Fluoxymesterone - endometrial cancer, already processed.
Skipping Fluticasone propionate - adrenal gland hyperfunction, already processed.
Skipping Betamethasone - pituitary deficiency due to Rathke's pouch cysts, already processed.
Skipping Tromethamine - rheumatoid arthritis, already processed.
Skipping Choline magnesium trisalicylate - diabetes mellitus (disease), already processed.
Skipping Metamfetamine - major affective disorder, already processed.
Skipping Galantamine - asthma, already processed.
Skipping Inositol - hypophosphatemia (disease), already processed.
Skipping Guaifenesin - Addison disease, already processed.
Skipping Orciprenaline - diabetes mellitus (disease), already processed.
Skipping Paliperidone - cyclic hematopoiesis, already processed.
Skipping Sulfathiazole - inherited porphyria, already processed.
Skipping Guaiacol - familial adrenal hypoplasia with absent pituitary luteinizing hormone, already processed.
Skipping Quetiapine - diabetic ketoacidosis, already processed.
Skipping Butalbital - COPD, severe early onset, already processed.
Skipping Maprotiline - major affective disorder, already processed.
Skipping Sirolimus - obsolete susceptibility to ischemic stroke, already processed.
Skipping Silicon dioxide - hypophosphatemia (disease), already processed.
Skipping Xylometazoline - diabetes mellitus (disease), already processed.
Skipping Ephedrine - paralytic ileus (disease), already processed.
Skipping Ephedrine - familial adrenal hypoplasia with absent pituitary luteinizing hormone, already processed.
Skipping Methyltestosterone - benign prostatic hyperplasia (disease), already processed.
Skipping Antipyrine - diabetic ketoacidosis, already processed.
Skipping Estrone - hypertensive disorder, already processed.
Skipping Pentamidine - hypercalcemia disease, already processed.
Skipping Diethylstilbestrol - systemic lupus erythematosus (disease), already processed.
Skipping Antipyrine - hypertensive disorder, already processed.
Skipping Testosterone - choreatic disease, already processed.
Skipping Estradiol valerate - obstructive sleep apnea syndrome, already processed.
Skipping Bethanechol - atypical juvenile parkinsonism, already processed.
Skipping Antipyrine - glaucoma, already processed.
Skipping Mestranol - hepatocellular carcinoma, already processed.
Skipping Trazodone - orthostatic hypotension, already processed.
Skipping Bisoprolol - Raynaud disease, already processed.
Skipping Frovatriptan - Raynaud disease, already processed.
Skipping Bupivacaine - diabetes mellitus (disease), already processed.
Skipping Estradiol - congenital central hypoventilation syndrome, already processed.
Skipping Phenazopyridine - anxiety disorder, already processed.
Skipping Chlorotrianisene - hypertensive disorder, already processed.
Skipping Sulfacetamide - inherited porphyria, already processed.
Skipping Ribavirin - sickle cell anemia, already processed.
Skipping Potassium Iodide - pseudotumor cerebri, already processed.
Skipping Atracurium - Lambert-Eaton myasthenic syndrome, already processed.
Skipping Dutasteride - postural orthostatic tachycardia syndrome, already processed.
Skipping Metamfetamine - COPD, severe early onset, already processed.
Skipping Toremifene - thrombocytopenia, already processed.
Skipping Chlordiazepoxide - pediatric systemic lupus erythematosus, already processed.
Skipping Phenobarbital - idiopathic aplastic anemia, already processed.
Skipping Estradiol valerate - inherited porphyria, already processed.
Skipping Trazodone - potassium deficiency disease, already processed.
Skipping Paliperidone - multiple system atrophy, already processed.
Skipping Bupivacaine - Wolff-Parkinson-white syndrome (disease), already processed.
Skipping Mechlorethamine - X-linked severe congenital neutropenia, already processed.
Skipping Bisoprolol - diabetic ketoacidosis, already processed.
Skipping Cycloserine - substance abuse/dependence, already processed.
Skipping Prednisolone acetate - inherited porphyria, already processed.
Skipping Meprobamate - endometrial cancer, already processed.
Skipping Phenylephrine - diabetic ketoacidosis, already processed.
Skipping Alphaprodine - inflammatory bowel disease, already processed.
Skipping Clofarabine - thrombocytopenia, already processed.
Skipping Coenzyme M - potassium deficiency disease, already processed.
Skipping Clozapine - benign prostatic hyperplasia (disease), already processed.
Skipping Calcium gluconate - obsessive-compulsive disorder, already processed.
Skipping Pravastatin - thrombocytopenic purpura, already processed.
Skipping Clidinium - substance abuse/dependence, already processed.
Skipping Lidocaine - hemophilia, already processed.
Skipping Ketorolac - inflammatory bowel disease, already processed.
Skipping Alendronic acid - eosinophilic esophagitis, already processed.
Skipping Levomefolic acid - myocardial infarction (disease), already processed.
Skipping Sulfacetamide - thyrotoxicosis, already processed.
Skipping Paliperidone - autosomal recessive severe congenital neutropenia due to JAGN1 deficiency, already processed.
Skipping Cholic Acid - diarrheal disease, already processed.
Skipping Sodium citrate - arteriosclerosis disorder, already processed.
Skipping Amitriptyline - familial hyperprolactinemia, already processed.
Skipping Ethinylestradiol - diabetic ketoacidosis, already processed.
Skipping Guaiacol - pseudotumor cerebri, already processed.
Skipping Prednisone - pituitary deficiency due to Rathke's pouch cysts, already processed.
Skipping Iocetamic acid - asthma, already processed.
Skipping Raloxifene - atrial fibrillation (disease), already processed.
Skipping Clofarabine - Gilbert syndrome, already processed.
Skipping Colesevelam - familial isolated deficiency of vitamin E, already processed.
Skipping Thiopental - familial glucocorticoid deficiency, already processed.
Skipping Hydrochlorothiazide - type 2 diabetes mellitus, already processed.
Skipping Scopolamine - diabetes mellitus (disease), already processed.
Skipping Hydrochlorothiazide - diabetic ketoacidosis, already processed.
Skipping Bumetanide - diabetes mellitus (disease), already processed.
Skipping Meloxicam - macrocytic anemia (disease), already processed.
Skipping Sulfadoxine - glycogen storage disease, already processed.
Skipping Cyclizine - acidosis disorder, already processed.
Skipping Synthetic camphor - diabetic ketoacidosis, already processed.
Skipping Mercaptopurine - familial intrahepatic cholestasis, already processed.
Skipping Progesterone - hyperlipoproteinemia, already processed.
Skipping Dexfenfluramine - glaucoma, already processed.
Skipping Phenacetin - Alzheimer disease, already processed.
Skipping Glipizide - substance abuse/dependence, already processed.
Skipping Dextromethorphan - congenital hypothyroidism, already processed.
Skipping Brompheniramine - incessant infant ventricular tachycardia, already processed.
Skipping Morphine - ulcerative colitis (disease), already processed.
Skipping Fosphenytoin - congenital neutropenia-myelofibrosis-nephromegaly syndrome, already processed.
Skipping Ascorbic acid - Leber hereditary optic neuropathy, already processed.
Skipping Calcium glucoheptonate - nephrolithiasis susceptibility caused by SLC26A1, already processed.
Skipping Risedronic acid - achalasia (disease), already processed.
Skipping Eflornithine - exanthem (disease), already processed.
Skipping Duloxetine - multiple system atrophy, already processed.
Skipping Perazine - myasthenia gravis, already processed.
Skipping Ethoheptazine - familial adrenal hypoplasia with absent pituitary luteinizing hormone, already processed.
Skipping Docusate - ulcerative colitis (disease), already processed.
Skipping Auranofin - Sjogren syndrome, already processed.
Skipping Meperidine - autosomal recessive severe congenital neutropenia due to G6PC3 deficiency, already processed.
Skipping Butalbital - inherited isolated adrenal insufficiency due to partial CYP11A1 deficiency, already processed.
Skipping Methyldopa - potassium deficiency disease, already processed.
Skipping Betaxolol - atrioventricular block (disease), already processed.
Skipping Lurasidone - orthostatic hypotension, already processed.
Skipping Guaifenesin - X-linked adrenal hypoplasia congenita, already processed.
Skipping Brompheniramine - X-linked adrenal hypoplasia congenita, already processed.
Skipping Desonide - Kallmann syndrome, already processed.
Skipping Prochlorperazine - hypertensive disorder, already processed.
Skipping Moxifloxacin - familial long QT syndrome, already processed.
Skipping Aripiprazole - congenital neutropenia-myelofibrosis-nephromegaly syndrome, already processed.
Skipping Pramocaine - hypertensive disorder, already processed.
Skipping Methylphenobarbital - substance abuse/dependence, already processed.
Skipping Cefamandole - congenital prothrombin deficiency, already processed.
Skipping Quetiapine - hyperlipidemia, already processed.
Skipping Synephrine - myocardial infarction (disease), already processed.
Skipping Potassium citrate - familial adrenal hypoplasia with absent pituitary luteinizing hormone, already processed.
Skipping Almotriptan - obsolete susceptibility to ischemic stroke, already processed.
Skipping Entacapone - familial intrahepatic cholestasis, already processed.
Skipping Estramustine - hypercalcemia disease, already processed.
Skipping Norgestimate - congenital hypothyroidism, already processed.
Skipping Triflupromazine - hyperprolactinemia (disease), already processed.
Skipping Sodium fluorophosphate - nephrolithiasis susceptibility caused by SLC26A1, already processed.
Skipping Auranofin - pediatric systemic lupus erythematosus, already processed.
Skipping Magnesium carbonate - thrombocytopenia, already processed.
Skipping Caffeine - catecholaminergic polymorphic ventricular tachycardia, already processed.
Skipping Pralatrexate - macrocytic anemia (disease), already processed.
Skipping Salmeterol - isolated congenital growth hormone deficiency, already processed.
Skipping Norfloxacin - congenital neutropenia-myelofibrosis-nephromegaly syndrome, already processed.
Skipping Racementhol - Wilson disease, already processed.
Skipping Metyrosine - hypotensive disorder, already processed.
Skipping Desogestrel - monogenic obesity, already processed.
Skipping Biotin - hyperparathyroidism, already processed.
Skipping Albiglutide - multiple endocrine neoplasia, already processed.
Skipping Oxyphencyclimine - obstructive sleep apnea syndrome, already processed.
Skipping Homatropine - sleep apnea syndrome, already processed.
Skipping Miglitol - ulcerative colitis (disease), already processed.
Skipping Droperidol - anxiety disorder, already processed.
Skipping Diltiazem - Wolff-Parkinson-white syndrome (disease), already processed.
Skipping Isosorbide dinitrate - stroke disorder, already processed.
Skipping Ribavirin - Diamond-Blackfan anemia, already processed.
Skipping Ketorolac - rheumatoid arthritis, already processed.
Skipping Phenylephrine - familial glucocorticoid deficiency, already processed.
Skipping Dexmethylphenidate - obsolete susceptibility to ischemic stroke, already processed.
Skipping Isotretinoin - hyperparathyroidism, already processed.
Skipping Tyramine - cholelithiasis, already processed.
Skipping Ergocalciferol - hyperlipidemia, already processed.
Skipping Aluminium phosphate - hypophosphatemia (disease), already processed.
Skipping Liraglutide - goiter (disease), already processed.
Skipping Lovastatin - hypophosphatemia (disease), already processed.
Skipping Sulfamethizole - diabetic ketoacidosis, already processed.
Skipping Chlorambucil - lymphopenia (disease), already processed.
Skipping Cortisone acetate - thyrotoxicosis, already processed.
Skipping Pentamidine - hypertensive disorder, already processed.
Skipping Oxycodone - Alzheimer disease, already processed.
Skipping Ifosfamide - thrombocytopenia, already processed.
Skipping Quetiapine - hyperprolactinemia (disease), already processed.
Skipping Duloxetine - nephrogenic syndrome of inappropriate antidiuresis, already processed.
Skipping Ranolazine - long QT syndrome, already processed.
Skipping Amitriptyline - sleep apnea syndrome, already processed.
Skipping Lindane - actinic keratosis (disease), already processed.
Skipping Phenylpropanolamine - anemia (disease), already processed.
Skipping Auranofin - systemic lupus erythematosus (disease), already processed.
Skipping Disopyramide - familial long QT syndrome, already processed.
Skipping Linezolid - thyrotoxicosis, already processed.
Skipping Flumethasone - X-linked intellectual disability with isolated growth hormone deficiency, already processed.
Skipping Vorinostat - diabetic ketoacidosis, already processed.
Skipping Hydroflumethiazide - ulcerative colitis (disease), already processed.
Skipping Warfarin - polycythemia (disease), already processed.
Skipping Procaine - chronic Epstein-Barr virus infection syndrome, already processed.
Skipping Carbamazepine - cyclic hematopoiesis, already processed.
Skipping Phenelzine - hypotensive disorder, already processed.
Skipping Megestrol acetate - diabetic ketoacidosis, already processed.
Skipping Glycine - hyperparathyroidism, already processed.
Skipping Toremifene - endometrial hyperplasia, already processed.
Skipping Isotretinoin - pancreatitis, already processed.
Skipping Pindolol - myasthenia gravis, already processed.
Skipping Levothyroxine - pituitary deficiency due to empty sella turcica syndrome, already processed.
Skipping Clonidine - type 1 diabetes mellitus, already processed.
Skipping Polyethylene glycol 400 - myotonia congenita, already processed.
Skipping Norethisterone - diabetic ketoacidosis, already processed.
Skipping Ephedrine - anxiety disorder, already processed.
Skipping Pheniramine - Hashimoto thyroiditis, already processed.
Skipping Potassium chloride - inherited isolated adrenal insufficiency due to partial CYP11A1 deficiency, already processed.
Skipping Lamivudine - monogenic obesity, already processed.
Skipping Mepyramine - incessant infant ventricular tachycardia, already processed.
Skipping Kanamycin - Parkinson disease, already processed.
Skipping Clidinium - benign prostatic hyperplasia (disease), already processed.
Skipping Loperamide - familial visceral myopathy, already processed.
Skipping Clindamycin - diarrheal disease, already processed.
Skipping Prednisone - Kallmann syndrome, already processed.
Skipping Captopril - diabetes mellitus (disease), already processed.
Skipping Milnacipran - nephrogenic syndrome of inappropriate antidiuresis, already processed.
Skipping Lanreotide - cholelithiasis, already processed.
Skipping Spironolactone - pancreatitis, already processed.
Skipping Cholestyramine - phenylketonuria, already processed.
Skipping Pentaerithrityl - obstructive sleep apnea syndrome, already processed.
Skipping Nabilone - anxiety disorder, already processed.
